Using pre-set license

 COMMAND LINE ARGUMENTS:
/Applications/Unity/Hub/Editor/2020.3.1f1/Unity.app/Contents/MacOS/Unity
-adb2
-batchMode
-noUpm
-name
AssetImportWorker0
-projectPath
/Users/emmanuelreyes/Documents/GitHub/Module-3-V.4
-logFile
Logs/AssetImportWorker0.log
-srvPort
53871
Successfully changed project path to: /Users/emmanuelreyes/Documents/GitHub/Module-3-V.4
/Users/emmanuelreyes/Documents/GitHub/Module-3-V.4
Using Asset Import Pipeline V2.
Refreshing native plugins compatible for Editor in 38.91 ms, found 1 plugins.
Preloading 0 native plugins for Editor in 0.00 ms.
Initialize engine version: 2020.3.1f1 (77a89f25062f)
[Subsystems] Discovering subsystems at path /Applications/Unity/Hub/Editor/2020.3.1f1/Unity.app/Contents/Resources/UnitySubsystems
[Subsystems] Discovering subsystems at path /Users/emmanuelreyes/Documents/GitHub/Module-3-V.4/Assets
GfxDevice: creating device client; threaded=0
2021-07-12 17:06:58.490 Unity[25621:644013] Color LCD preferred device: Intel(R) Iris(TM) Plus Graphics 640 (low power)
2021-07-12 17:06:58.490 Unity[25621:644013] Metal devices available: 1
2021-07-12 17:06:58.490 Unity[25621:644013] 0: Intel(R) Iris(TM) Plus Graphics 640 (low power)
2021-07-12 17:06:58.491 Unity[25621:644013] Using device Intel(R) Iris(TM) Plus Graphics 640 (low power)
Initializing Metal device caps: Intel(R) Iris(TM) Plus Graphics 640
Initialize mono
Mono path[0] = '/Applications/Unity/Hub/Editor/2020.3.1f1/Unity.app/Contents/Managed'
Mono path[1] = '/Applications/Unity/Hub/Editor/2020.3.1f1/Unity.app/Contents/MonoBleedingEdge/lib/mono/unityjit'
Mono config path = '/Applications/Unity/Hub/Editor/2020.3.1f1/Unity.app/Contents/MonoBleedingEdge/etc'
Using monoOptions --debugger-agent=transport=dt_socket,embedding=1,server=y,suspend=n,address=127.0.0.1:56621
Begin MonoManager ReloadAssembly
Registering precompiled unity dll's ...
Register platform support module: /Applications/Unity/Hub/Editor/2020.3.1f1/Unity.app/Contents/PlaybackEngines/MacStandaloneSupport/UnityEditor.OSXStandalone.Extensions.dll
Registered in 0.003469 seconds.
Native extension for OSXStandalone target not found
Refreshing native plugins compatible for Editor in 34.39 ms, found 1 plugins.
Preloading 0 native plugins for Editor in 0.00 ms.
Invoked RoslynAnalysisRunner static constructor.
RoslynAnalysisRunner will not be running.
RoslynAnalysisRunner has terminated.
Mono: successfully reloaded assembly
- Completed reload, in  1.239 seconds
Platform modules already initialized, skipping
Registering precompiled user dll's ...
Registered in 0.001233 seconds.
Begin MonoManager ReloadAssembly
Native extension for OSXStandalone target not found
Refreshing native plugins compatible for Editor in 0.61 ms, found 1 plugins.
Preloading 0 native plugins for Editor in 0.00 ms.
Invoked RoslynAnalysisRunner static constructor.
RoslynAnalysisRunner will not be running.
RoslynAnalysisRunner has terminated.
Mono: successfully reloaded assembly
- Completed reload, in  3.374 seconds
Platform modules already initialized, skipping
========================================================================
Worker process is ready to serve import requests
Launching external process: /Applications/Unity/Hub/Editor/2020.3.1f1/Unity.app/Contents/Tools/UnityShaderCompiler
Launched and connected shader compiler UnityShaderCompiler after 0.04 seconds
Refreshing native plugins compatible for Editor in 0.37 ms, found 1 plugins.
Preloading 0 native plugins for Editor in 0.00 ms.
Unloading 1362 Unused Serialized files (Serialized files now loaded: 0)
System memory in use before: 166.8 MB.
System memory in use after: 166.9 MB.

Unloading 13 unused Assets to reduce memory usage. Loaded Objects now: 1840.
Total: 32.079783 ms (FindLiveObjects: 4.945092 ms CreateObjectMapping: 0.156087 ms MarkObjects: 2.456647 ms  DeleteObjects: 24.519899 ms)

========================================================================
Received Import Request.
  path: Assets/Scripts/TimedText.cs
  artifactKey: Guid(d0d77d33c20586e438f6e757b90dfcfb) Importer(815301076,1909f56bfc062723c751e8b465ee728b)
Start importing Assets/Scripts/TimedText.cs using Guid(d0d77d33c20586e438f6e757b90dfcfb) Importer(815301076,1909f56bfc062723c751e8b465ee728b)  -> (artifact id: '129200517fc375ff92954da5f5cd9ab8') in 0.449140 seconds
  Import took 0.457262 seconds .

========================================================================
Received Import Request.
  Time since last request: 0.003460 seconds.
  path: Assets/Scripts
  artifactKey: Guid(375925e64e3c18e48bb083e838484bb4) Importer(815301076,1909f56bfc062723c751e8b465ee728b)
Start importing Assets/Scripts using Guid(375925e64e3c18e48bb083e838484bb4) Importer(815301076,1909f56bfc062723c751e8b465ee728b)  -> (artifact id: '714d3d41a11185f8eedfb5ed277d1ea4') in 0.001530 seconds
  Import took 0.033482 seconds .

========================================================================
Received Prepare
Refreshing native plugins compatible for Editor in 1.69 ms, found 1 plugins.
Preloading 0 native plugins for Editor in 0.00 ms.
Unloading 2 Unused Serialized files (Serialized files now loaded: 0)
System memory in use before: 138.0 MB.
System memory in use after: 138.1 MB.

Unloading 2 unused Assets to reduce memory usage. Loaded Objects now: 1840.
Total: 2.408185 ms (FindLiveObjects: 0.393729 ms CreateObjectMapping: 0.083927 ms MarkObjects: 1.914096 ms  DeleteObjects: 0.014857 ms)

========================================================================
Received Prepare
Registering precompiled user dll's ...
Registered in 0.001767 seconds.
Begin MonoManager ReloadAssembly
Native extension for OSXStandalone target not found
Refreshing native plugins compatible for Editor in 0.33 ms, found 1 plugins.
Preloading 0 native plugins for Editor in 0.00 ms.
Invoked RoslynAnalysisRunner static constructor.
RoslynAnalysisRunner will not be running.
RoslynAnalysisRunner has terminated.
Mono: successfully reloaded assembly
- Completed reload, in  1.085 seconds
Platform modules already initialized, skipping
Refreshing native plugins compatible for Editor in 0.44 ms, found 1 plugins.
Preloading 0 native plugins for Editor in 0.00 ms.
Unloading 1301 Unused Serialized files (Serialized files now loaded: 0)
System memory in use before: 164.2 MB.
System memory in use after: 164.3 MB.

Unloading 4 unused Assets to reduce memory usage. Loaded Objects now: 1843.
Total: 2.240979 ms (FindLiveObjects: 0.266124 ms CreateObjectMapping: 0.095007 ms MarkObjects: 1.840751 ms  DeleteObjects: 0.037452 ms)

========================================================================
Received Import Request.
  Time since last request: 447.652601 seconds.
  path: Assets/Scripts/Checkpoint.cs
  artifactKey: Guid(ba6d18385d8e49b489fcb77aa081af2b) Importer(815301076,1909f56bfc062723c751e8b465ee728b)
Start importing Assets/Scripts/Checkpoint.cs using Guid(ba6d18385d8e49b489fcb77aa081af2b) Importer(815301076,1909f56bfc062723c751e8b465ee728b)  -> (artifact id: '3af62925e950d59202802e714a75b291') in 0.010343 seconds
  Import took 0.014057 seconds .

========================================================================
Received Import Request.
  Time since last request: 7.823422 seconds.
  path: Assets/Scripts/Death.cs
  artifactKey: Guid(f1196727753bdfa42b2001c59c3e2ab5) Importer(815301076,1909f56bfc062723c751e8b465ee728b)
Start importing Assets/Scripts/Death.cs using Guid(f1196727753bdfa42b2001c59c3e2ab5) Importer(815301076,1909f56bfc062723c751e8b465ee728b)  -> (artifact id: '5f0c8109903c956267280b2a7378916e') in 0.001314 seconds
  Import took 0.005110 seconds .

========================================================================
Received Import Request.
  Time since last request: 68.796952 seconds.
  path: Assets/Scenes/Exercise_3-3.unity
  artifactKey: Guid(e642c049cbb4d7a4e9ac86004ae709a4) Importer(815301076,1909f56bfc062723c751e8b465ee728b)
Start importing Assets/Scenes/Exercise_3-3.unity using Guid(e642c049cbb4d7a4e9ac86004ae709a4) Importer(815301076,1909f56bfc062723c751e8b465ee728b)  -> (artifact id: 'fd6cbbe5c40f565e842586ed24bba143') in 0.015358 seconds
  Import took 0.020438 seconds .

========================================================================
Received Import Request.
  Time since last request: 125.351736 seconds.
  path: Assets/Materials
  artifactKey: Guid(d841466077808456a82f4b4e023f4860) Importer(815301076,1909f56bfc062723c751e8b465ee728b)
Start importing Assets/Materials using Guid(d841466077808456a82f4b4e023f4860) Importer(815301076,1909f56bfc062723c751e8b465ee728b)  -> (artifact id: '7b1c4487b2298ea98e3c0cf460f18646') in 0.003405 seconds
  Import took 0.008092 seconds .

========================================================================
Received Import Request.
  Time since last request: 10.878107 seconds.
  path: Assets/Materials/Death.mat
  artifactKey: Guid(fe3a36e0a344a4dfbb3bb7ca7d68f7af) Importer(815301076,1909f56bfc062723c751e8b465ee728b)
Start importing Assets/Materials/Death.mat using Guid(fe3a36e0a344a4dfbb3bb7ca7d68f7af) Importer(815301076,1909f56bfc062723c751e8b465ee728b)  -> (artifact id: '4e98eac513fde07bae165fd1e0d797e7') in 0.482085 seconds
  Import took 0.485792 seconds .

========================================================================
Received Import Request.
  Time since last request: 38.457404 seconds.
  path: Assets/Materials/Checkpoint.mat
  artifactKey: Guid(8ca8453fb245f4276beddcca58e0b0f5) Importer(815301076,1909f56bfc062723c751e8b465ee728b)
Start importing Assets/Materials/Checkpoint.mat using Guid(8ca8453fb245f4276beddcca58e0b0f5) Importer(815301076,1909f56bfc062723c751e8b465ee728b)  -> (artifact id: '2425ba8dc867b4c1f38abf6c66aabbba') in 0.015113 seconds
  Import took 0.020977 seconds .

========================================================================
Received Prepare
Registering precompiled user dll's ...
Registered in 0.003732 seconds.
Begin MonoManager ReloadAssembly
Native extension for OSXStandalone target not found
Refreshing native plugins compatible for Editor in 0.37 ms, found 1 plugins.
Preloading 0 native plugins for Editor in 0.00 ms.
Invoked RoslynAnalysisRunner static constructor.
RoslynAnalysisRunner will not be running.
RoslynAnalysisRunner has terminated.
Mono: successfully reloaded assembly
- Completed reload, in  1.224 seconds
Platform modules already initialized, skipping
Refreshing native plugins compatible for Editor in 0.37 ms, found 1 plugins.
Preloading 0 native plugins for Editor in 0.00 ms.
Unloading 1301 Unused Serialized files (Serialized files now loaded: 0)
System memory in use before: 173.0 MB.
System memory in use after: 173.1 MB.

Unloading 4 unused Assets to reduce memory usage. Loaded Objects now: 1886.
Total: 2.196046 ms (FindLiveObjects: 0.308862 ms CreateObjectMapping: 0.045641 ms MarkObjects: 1.821078 ms  DeleteObjects: 0.017674 ms)

========================================================================
Received Import Request.
  Time since last request: 1113.843621 seconds.
  path: Assets/Scripts/PositionCamera.cs
  artifactKey: Guid(162dd27bc19c45843b0505725453a8fb) Importer(815301076,1909f56bfc062723c751e8b465ee728b)
Start importing Assets/Scripts/PositionCamera.cs using Guid(162dd27bc19c45843b0505725453a8fb) Importer(815301076,1909f56bfc062723c751e8b465ee728b)  -> (artifact id: 'b9f131cb254248643ac01ef781d2627d') in 0.004441 seconds
  Import took 0.008496 seconds .

========================================================================
Received Prepare
Registering precompiled user dll's ...
Registered in 0.002790 seconds.
Begin MonoManager ReloadAssembly
Native extension for OSXStandalone target not found
Refreshing native plugins compatible for Editor in 0.33 ms, found 1 plugins.
Preloading 0 native plugins for Editor in 0.00 ms.
Invoked RoslynAnalysisRunner static constructor.
RoslynAnalysisRunner will not be running.
RoslynAnalysisRunner has terminated.
Mono: successfully reloaded assembly
- Completed reload, in  1.022 seconds
Platform modules already initialized, skipping
Refreshing native plugins compatible for Editor in 0.37 ms, found 1 plugins.
Preloading 0 native plugins for Editor in 0.00 ms.
Unloading 1301 Unused Serialized files (Serialized files now loaded: 0)
System memory in use before: 173.2 MB.
System memory in use after: 173.3 MB.

Unloading 4 unused Assets to reduce memory usage. Loaded Objects now: 1889.
Total: 2.208395 ms (FindLiveObjects: 0.298680 ms CreateObjectMapping: 0.084674 ms MarkObjects: 1.804421 ms  DeleteObjects: 0.018610 ms)

========================================================================
Received Import Request.
  Time since last request: 486.040156 seconds.
  path: Assets/Scenes/Exercise_3-4.unity
  artifactKey: Guid(9b40321b565382742ab79670250416d4) Importer(815301076,1909f56bfc062723c751e8b465ee728b)
Start importing Assets/Scenes/Exercise_3-4.unity using Guid(9b40321b565382742ab79670250416d4) Importer(815301076,1909f56bfc062723c751e8b465ee728b)  -> (artifact id: '406d5acb2f9ed5721f503e4ce409977e') in 0.036635 seconds
  Import took 0.047736 seconds .

========================================================================
Received Prepare
Registering precompiled user dll's ...
Registered in 0.003827 seconds.
Begin MonoManager ReloadAssembly
Native extension for OSXStandalone target not found
Refreshing native plugins compatible for Editor in 0.35 ms, found 1 plugins.
Preloading 0 native plugins for Editor in 0.00 ms.
Invoked RoslynAnalysisRunner static constructor.
RoslynAnalysisRunner will not be running.
RoslynAnalysisRunner has terminated.
Mono: successfully reloaded assembly
- Completed reload, in  1.224 seconds
Platform modules already initialized, skipping
Refreshing native plugins compatible for Editor in 0.53 ms, found 1 plugins.
Preloading 0 native plugins for Editor in 0.00 ms.
Unloading 1301 Unused Serialized files (Serialized files now loaded: 0)
System memory in use before: 173.4 MB.
System memory in use after: 173.5 MB.

Unloading 4 unused Assets to reduce memory usage. Loaded Objects now: 1892.
Total: 2.171840 ms (FindLiveObjects: 0.403133 ms CreateObjectMapping: 0.070455 ms MarkObjects: 1.676574 ms  DeleteObjects: 0.018158 ms)

========================================================================
Received Prepare
Registering precompiled user dll's ...
Registered in 0.000739 seconds.
Begin MonoManager ReloadAssembly
Native extension for OSXStandalone target not found
Refreshing native plugins compatible for Editor in 0.36 ms, found 1 plugins.
Preloading 0 native plugins for Editor in 0.00 ms.
Invoked RoslynAnalysisRunner static constructor.
RoslynAnalysisRunner will not be running.
RoslynAnalysisRunner has terminated.
Mono: successfully reloaded assembly
- Completed reload, in  1.023 seconds
Platform modules already initialized, skipping
Refreshing native plugins compatible for Editor in 0.35 ms, found 1 plugins.
Preloading 0 native plugins for Editor in 0.00 ms.
Unloading 1301 Unused Serialized files (Serialized files now loaded: 0)
System memory in use before: 173.6 MB.
System memory in use after: 173.7 MB.

Unloading 4 unused Assets to reduce memory usage. Loaded Objects now: 1895.
Total: 2.026155 ms (FindLiveObjects: 0.249915 ms CreateObjectMapping: 0.047253 ms MarkObjects: 1.698517 ms  DeleteObjects: 0.015958 ms)

========================================================================
Received Prepare
Registering precompiled user dll's ...
Registered in 0.001202 seconds.
Begin MonoManager ReloadAssembly
Native extension for OSXStandalone target not found
Refreshing native plugins compatible for Editor in 0.41 ms, found 1 plugins.
Preloading 0 native plugins for Editor in 0.00 ms.
Invoked RoslynAnalysisRunner static constructor.
RoslynAnalysisRunner will not be running.
RoslynAnalysisRunner has terminated.
Mono: successfully reloaded assembly
- Completed reload, in  1.026 seconds
Platform modules already initialized, skipping
Refreshing native plugins compatible for Editor in 0.44 ms, found 1 plugins.
Preloading 0 native plugins for Editor in 0.00 ms.
Unloading 1301 Unused Serialized files (Serialized files now loaded: 0)
System memory in use before: 173.8 MB.
System memory in use after: 173.9 MB.

Unloading 4 unused Assets to reduce memory usage. Loaded Objects now: 1898.
Total: 2.165916 ms (FindLiveObjects: 0.339120 ms CreateObjectMapping: 0.083898 ms MarkObjects: 1.723168 ms  DeleteObjects: 0.016532 ms)

========================================================================
Received Prepare
Registering precompiled user dll's ...
Registered in 0.000723 seconds.
Begin MonoManager ReloadAssembly
Native extension for OSXStandalone target not found
Refreshing native plugins compatible for Editor in 0.70 ms, found 1 plugins.
Preloading 0 native plugins for Editor in 0.00 ms.
Invoked RoslynAnalysisRunner static constructor.
RoslynAnalysisRunner will not be running.
RoslynAnalysisRunner has terminated.
Mono: successfully reloaded assembly
- Completed reload, in  1.082 seconds
Platform modules already initialized, skipping
Refreshing native plugins compatible for Editor in 0.33 ms, found 1 plugins.
Preloading 0 native plugins for Editor in 0.00 ms.
Unloading 1301 Unused Serialized files (Serialized files now loaded: 0)
System memory in use before: 174.1 MB.
System memory in use after: 174.1 MB.

Unloading 4 unused Assets to reduce memory usage. Loaded Objects now: 1901.
Total: 2.207425 ms (FindLiveObjects: 0.327193 ms CreateObjectMapping: 0.063987 ms MarkObjects: 1.795994 ms  DeleteObjects: 0.017566 ms)

========================================================================
Received Prepare
Registering precompiled user dll's ...
Registered in 0.000757 seconds.
Begin MonoManager ReloadAssembly
Native extension for OSXStandalone target not found
Refreshing native plugins compatible for Editor in 0.38 ms, found 1 plugins.
Preloading 0 native plugins for Editor in 0.00 ms.
Invoked RoslynAnalysisRunner static constructor.
RoslynAnalysisRunner will not be running.
RoslynAnalysisRunner has terminated.
Mono: successfully reloaded assembly
- Completed reload, in  1.026 seconds
Platform modules already initialized, skipping
Refreshing native plugins compatible for Editor in 0.43 ms, found 1 plugins.
Preloading 0 native plugins for Editor in 0.00 ms.
Unloading 1301 Unused Serialized files (Serialized files now loaded: 0)
System memory in use before: 174.2 MB.
System memory in use after: 174.3 MB.

Unloading 4 unused Assets to reduce memory usage. Loaded Objects now: 1904.
Total: 2.165781 ms (FindLiveObjects: 0.260656 ms CreateObjectMapping: 0.060807 ms MarkObjects: 1.827464 ms  DeleteObjects: 0.015283 ms)

========================================================================
Received Prepare
Registering precompiled user dll's ...
Registered in 0.003508 seconds.
Begin MonoManager ReloadAssembly
Native extension for OSXStandalone target not found
Refreshing native plugins compatible for Editor in 0.33 ms, found 1 plugins.
Preloading 0 native plugins for Editor in 0.00 ms.
Invoked RoslynAnalysisRunner static constructor.
RoslynAnalysisRunner will not be running.
RoslynAnalysisRunner has terminated.
Mono: successfully reloaded assembly
- Completed reload, in  1.027 seconds
Platform modules already initialized, skipping
Refreshing native plugins compatible for Editor in 0.40 ms, found 1 plugins.
Preloading 0 native plugins for Editor in 0.00 ms.
Unloading 1301 Unused Serialized files (Serialized files now loaded: 0)
System memory in use before: 174.5 MB.
System memory in use after: 174.5 MB.

Unloading 4 unused Assets to reduce memory usage. Loaded Objects now: 1907.
Total: 2.325483 ms (FindLiveObjects: 0.278946 ms CreateObjectMapping: 0.068272 ms MarkObjects: 1.956374 ms  DeleteObjects: 0.019669 ms)

========================================================================
Received Import Request.
  Time since last request: 2091.078965 seconds.
  path: Assets/Scenes/Exercise_3-3.unity
  artifactKey: Guid(e642c049cbb4d7a4e9ac86004ae709a4) Importer(815301076,1909f56bfc062723c751e8b465ee728b)
Start importing Assets/Scenes/Exercise_3-3.unity using Guid(e642c049cbb4d7a4e9ac86004ae709a4) Importer(815301076,1909f56bfc062723c751e8b465ee728b)  -> (artifact id: '10c064408bd368d1da5734909728b57b') in 0.027031 seconds
  Import took 0.032727 seconds .

========================================================================
Received Import Request.
  Time since last request: 210.753354 seconds.
  path: Assets/Scenes/Exercise_3-5.unity
  artifactKey: Guid(867ebd7509cc4c344b3ffcd932013705) Importer(815301076,1909f56bfc062723c751e8b465ee728b)
Start importing Assets/Scenes/Exercise_3-5.unity using Guid(867ebd7509cc4c344b3ffcd932013705) Importer(815301076,1909f56bfc062723c751e8b465ee728b)  -> (artifact id: 'bfa6a3cb78dc64ae46a3e30944c9c80c') in 0.002352 seconds
  Import took 0.006528 seconds .

========================================================================
Received Import Request.
  Time since last request: 1.173845 seconds.
  path: Assets/Scenes/Exercise_3-4.unity
  artifactKey: Guid(9b40321b565382742ab79670250416d4) Importer(815301076,1909f56bfc062723c751e8b465ee728b)
Start importing Assets/Scenes/Exercise_3-4.unity using Guid(9b40321b565382742ab79670250416d4) Importer(815301076,1909f56bfc062723c751e8b465ee728b)  -> (artifact id: 'badd480ff108515fd498137f8da04a00') in 0.006504 seconds
  Import took 0.010755 seconds .

========================================================================
Received Prepare
Registering precompiled user dll's ...
Registered in 0.003369 seconds.
Begin MonoManager ReloadAssembly
Native extension for OSXStandalone target not found
Refreshing native plugins compatible for Editor in 0.36 ms, found 1 plugins.
Preloading 0 native plugins for Editor in 0.00 ms.
Invoked RoslynAnalysisRunner static constructor.
RoslynAnalysisRunner will not be running.
RoslynAnalysisRunner has terminated.
Mono: successfully reloaded assembly
- Completed reload, in  1.002 seconds
Platform modules already initialized, skipping
Refreshing native plugins compatible for Editor in 0.34 ms, found 1 plugins.
Preloading 0 native plugins for Editor in 0.00 ms.
Unloading 1301 Unused Serialized files (Serialized files now loaded: 0)
System memory in use before: 174.7 MB.
System memory in use after: 174.8 MB.

Unloading 4 unused Assets to reduce memory usage. Loaded Objects now: 1910.
Total: 2.487068 ms (FindLiveObjects: 0.315677 ms CreateObjectMapping: 0.092419 ms MarkObjects: 2.057380 ms  DeleteObjects: 0.019553 ms)

